2021-05-09 10:47:05,267 INFO    MainThread:16832 [internal.py:wandb_internal():88] W&B internal server running at pid: 16832, started at: 2021-05-09 10:47:05.259910
2021-05-09 10:47:05,270 INFO    WriterThread:16832 [datastore.py:open_for_write():77] open: c:\Users\Steven\Documents\Github\ML\Proyectos\Proyecto II\wandb\run-20210509_104700-1mtbzctc\run-1mtbzctc.wandb
2021-05-09 10:47:05,270 DEBUG   HandlerThread:16832 [handler.py:handle_request():121] handle_request: check_version
2021-05-09 10:47:05,280 DEBUG   SenderThread:16832 [sender.py:send():176] send: header
2021-05-09 10:47:05,281 DEBUG   SenderThread:16832 [sender.py:send_request():186] send_request: check_version
2021-05-09 10:47:05,562 DEBUG   SenderThread:16832 [sender.py:send():176] send: run
2021-05-09 10:47:06,038 INFO    SenderThread:16832 [dir_watcher.py:__init__():168] watching files in: c:\Users\Steven\Documents\Github\ML\Proyectos\Proyecto II\wandb\run-20210509_104700-1mtbzctc\files
2021-05-09 10:47:06,038 INFO    SenderThread:16832 [sender.py:_start_run_threads():696] run started: 1mtbzctc with start time 1620578823
2021-05-09 10:47:06,039 DEBUG   SenderThread:16832 [sender.py:send():176] send: summary
2021-05-09 10:47:06,039 INFO    SenderThread:16832 [sender.py:_save_file():821] saving file wandb-summary.json with policy end
2021-05-09 10:47:06,040 DEBUG   HandlerThread:16832 [handler.py:handle_request():121] handle_request: run_start
2021-05-09 10:47:06,966 DEBUG   HandlerThread:16832 [meta.py:__init__():39] meta init
2021-05-09 10:47:06,966 DEBUG   HandlerThread:16832 [meta.py:__init__():53] meta init done
2021-05-09 10:47:06,966 DEBUG   HandlerThread:16832 [meta.py:probe():210] probe
2021-05-09 10:47:06,983 DEBUG   HandlerThread:16832 [meta.py:_setup_git():200] setup git
2021-05-09 10:47:07,052 INFO    Thread-12 :16832 [dir_watcher.py:_on_file_created():216] file/dir created: c:\Users\Steven\Documents\Github\ML\Proyectos\Proyecto II\wandb\run-20210509_104700-1mtbzctc\files\wandb-summary.json
2021-05-09 10:47:07,096 DEBUG   HandlerThread:16832 [meta.py:_setup_git():207] setup git done
2021-05-09 10:47:07,096 DEBUG   HandlerThread:16832 [meta.py:_save_pip():57] save pip
2021-05-09 10:47:07,097 DEBUG   HandlerThread:16832 [meta.py:_save_pip():71] save pip done
2021-05-09 10:47:07,097 DEBUG   HandlerThread:16832 [meta.py:probe():252] probe done
2021-05-09 10:47:07,167 DEBUG   SenderThread:16832 [sender.py:send():176] send: files
2021-05-09 10:47:07,167 DEBUG   HandlerThread:16832 [handler.py:handle_request():121] handle_request: stop_status
2021-05-09 10:47:07,168 INFO    SenderThread:16832 [sender.py:_save_file():821] saving file wandb-metadata.json with policy now
2021-05-09 10:47:07,170 DEBUG   SenderThread:16832 [sender.py:send_request():186] send_request: stop_status
2021-05-09 10:47:07,262 DEBUG   HandlerThread:16832 [handler.py:handle_request():121] handle_request: pause
2021-05-09 10:47:07,263 INFO    HandlerThread:16832 [handler.py:handle_request_pause():519] stopping system metrics thread
2021-05-09 10:47:07,417 DEBUG   SenderThread:16832 [sender.py:send():176] send: files
2021-05-09 10:47:07,417 INFO    SenderThread:16832 [sender.py:_save_file():821] saving file media\graph\graph_0_summary_ce1a4d66.graph.json with policy now
2021-05-09 10:47:07,417 DEBUG   SenderThread:16832 [sender.py:send():176] send: summary
2021-05-09 10:47:07,417 INFO    SenderThread:16832 [sender.py:_save_file():821] saving file wandb-summary.json with policy end
2021-05-09 10:47:07,417 DEBUG   SenderThread:16832 [sender.py:send():176] send: summary
2021-05-09 10:47:07,417 INFO    SenderThread:16832 [sender.py:_save_file():821] saving file wandb-summary.json with policy end
2021-05-09 10:47:07,417 DEBUG   SenderThread:16832 [sender.py:send():176] send: summary
2021-05-09 10:47:07,417 INFO    SenderThread:16832 [sender.py:_save_file():821] saving file wandb-summary.json with policy end
2021-05-09 10:47:07,417 DEBUG   SenderThread:16832 [sender.py:send():176] send: summary
2021-05-09 10:47:07,422 INFO    SenderThread:16832 [sender.py:_save_file():821] saving file wandb-summary.json with policy end
2021-05-09 10:47:07,422 DEBUG   SenderThread:16832 [sender.py:send():176] send: summary
2021-05-09 10:47:07,422 INFO    SenderThread:16832 [sender.py:_save_file():821] saving file wandb-summary.json with policy end
2021-05-09 10:47:07,422 DEBUG   SenderThread:16832 [sender.py:send():176] send: summary
2021-05-09 10:47:07,422 INFO    SenderThread:16832 [sender.py:_save_file():821] saving file wandb-summary.json with policy end
2021-05-09 10:47:07,422 DEBUG   SenderThread:16832 [sender.py:send():176] send: summary
2021-05-09 10:47:07,422 INFO    SenderThread:16832 [sender.py:_save_file():821] saving file wandb-summary.json with policy end
2021-05-09 10:47:07,422 DEBUG   SenderThread:16832 [sender.py:send():176] send: summary
2021-05-09 10:47:07,422 INFO    SenderThread:16832 [sender.py:_save_file():821] saving file wandb-summary.json with policy end
2021-05-09 10:47:07,422 DEBUG   SenderThread:16832 [sender.py:send():176] send: summary
2021-05-09 10:47:07,422 INFO    SenderThread:16832 [sender.py:_save_file():821] saving file wandb-summary.json with policy end
2021-05-09 10:47:07,422 DEBUG   SenderThread:16832 [sender.py:send():176] send: summary
2021-05-09 10:47:07,422 INFO    SenderThread:16832 [sender.py:_save_file():821] saving file wandb-summary.json with policy end
2021-05-09 10:47:07,422 DEBUG   SenderThread:16832 [sender.py:send():176] send: summary
2021-05-09 10:47:07,422 INFO    SenderThread:16832 [sender.py:_save_file():821] saving file wandb-summary.json with policy end
2021-05-09 10:47:07,422 DEBUG   SenderThread:16832 [sender.py:send():176] send: summary
2021-05-09 10:47:07,422 INFO    SenderThread:16832 [sender.py:_save_file():821] saving file wandb-summary.json with policy end
2021-05-09 10:47:07,422 DEBUG   SenderThread:16832 [sender.py:send():176] send: summary
2021-05-09 10:47:07,431 INFO    SenderThread:16832 [sender.py:_save_file():821] saving file wandb-summary.json with policy end
2021-05-09 10:47:07,431 DEBUG   SenderThread:16832 [sender.py:send():176] send: summary
2021-05-09 10:47:07,431 INFO    SenderThread:16832 [sender.py:_save_file():821] saving file wandb-summary.json with policy end
2021-05-09 10:47:07,431 DEBUG   SenderThread:16832 [sender.py:send():176] send: stats
2021-05-09 10:47:07,912 INFO    Thread-17 :16832 [upload_job.py:push():133] Uploaded file C:\Users\Steven\AppData\Local\Temp\tmpsvv8bi8ewandb\2hnjzros-wandb-metadata.json
2021-05-09 10:47:08,062 INFO    Thread-12 :16832 [dir_watcher.py:_on_file_modified():229] file/dir modified: c:\Users\Steven\Documents\Github\ML\Proyectos\Proyecto II\wandb\run-20210509_104700-1mtbzctc\files\wandb-summary.json
2021-05-09 10:47:08,062 INFO    Thread-12 :16832 [dir_watcher.py:_on_file_created():216] file/dir created: c:\Users\Steven\Documents\Github\ML\Proyectos\Proyecto II\wandb\run-20210509_104700-1mtbzctc\files\requirements.txt
2021-05-09 10:47:08,062 INFO    Thread-12 :16832 [dir_watcher.py:_on_file_created():216] file/dir created: c:\Users\Steven\Documents\Github\ML\Proyectos\Proyecto II\wandb\run-20210509_104700-1mtbzctc\files\wandb-metadata.json
2021-05-09 10:47:08,062 INFO    Thread-12 :16832 [dir_watcher.py:_on_file_created():216] file/dir created: c:\Users\Steven\Documents\Github\ML\Proyectos\Proyecto II\wandb\run-20210509_104700-1mtbzctc\files\media\graph\graph_0_summary_ce1a4d66.graph.json
2021-05-09 10:47:08,062 INFO    Thread-12 :16832 [dir_watcher.py:_on_file_created():216] file/dir created: c:\Users\Steven\Documents\Github\ML\Proyectos\Proyecto II\wandb\run-20210509_104700-1mtbzctc\files\output.log
2021-05-09 10:47:08,062 INFO    Thread-12 :16832 [dir_watcher.py:_on_file_created():216] file/dir created: c:\Users\Steven\Documents\Github\ML\Proyectos\Proyecto II\wandb\run-20210509_104700-1mtbzctc\files\media
2021-05-09 10:47:08,062 INFO    Thread-12 :16832 [dir_watcher.py:_on_file_created():216] file/dir created: c:\Users\Steven\Documents\Github\ML\Proyectos\Proyecto II\wandb\run-20210509_104700-1mtbzctc\files\media\graph
2021-05-09 10:47:08,093 INFO    Thread-18 :16832 [upload_job.py:push():133] Uploaded file C:\Users\Steven\AppData\Local\Temp\tmpsvv8bi8ewandb\1g5cgnrw-media/graph/graph_0_summary_ce1a4d66.graph.json
2021-05-09 10:47:22,423 DEBUG   HandlerThread:16832 [handler.py:handle_request():121] handle_request: stop_status
2021-05-09 10:47:22,424 DEBUG   SenderThread:16832 [sender.py:send_request():186] send_request: stop_status
2021-05-09 10:47:37,721 DEBUG   HandlerThread:16832 [handler.py:handle_request():121] handle_request: stop_status
2021-05-09 10:47:37,721 DEBUG   SenderThread:16832 [sender.py:send_request():186] send_request: stop_status
2021-05-09 10:47:53,002 DEBUG   HandlerThread:16832 [handler.py:handle_request():121] handle_request: stop_status
2021-05-09 10:47:53,002 DEBUG   SenderThread:16832 [sender.py:send_request():186] send_request: stop_status
2021-05-09 10:48:08,413 DEBUG   HandlerThread:16832 [handler.py:handle_request():121] handle_request: stop_status
2021-05-09 10:48:08,413 DEBUG   SenderThread:16832 [sender.py:send_request():186] send_request: stop_status
2021-05-09 10:48:23,690 DEBUG   HandlerThread:16832 [handler.py:handle_request():121] handle_request: stop_status
2021-05-09 10:48:23,691 DEBUG   SenderThread:16832 [sender.py:send_request():186] send_request: stop_status
2021-05-09 10:48:38,982 DEBUG   HandlerThread:16832 [handler.py:handle_request():121] handle_request: stop_status
2021-05-09 10:48:38,983 DEBUG   SenderThread:16832 [sender.py:send_request():186] send_request: stop_status
2021-05-09 10:48:54,298 DEBUG   HandlerThread:16832 [handler.py:handle_request():121] handle_request: stop_status
2021-05-09 10:48:54,298 DEBUG   SenderThread:16832 [sender.py:send_request():186] send_request: stop_status
2021-05-09 10:49:09,570 DEBUG   HandlerThread:16832 [handler.py:handle_request():121] handle_request: stop_status
2021-05-09 10:49:09,571 DEBUG   SenderThread:16832 [sender.py:send_request():186] send_request: stop_status
2021-05-09 10:49:14,699 DEBUG   HandlerThread:16832 [handler.py:handle_request():121] handle_request: resume
2021-05-09 10:49:14,699 INFO    HandlerThread:16832 [handler.py:handle_request_resume():514] starting system metrics thread
2021-05-09 10:49:14,700 DEBUG   HandlerThread:16832 [handler.py:handle_request():121] handle_request: pause
2021-05-09 10:49:14,701 INFO    HandlerThread:16832 [handler.py:handle_request_pause():519] stopping system metrics thread
2021-05-09 10:49:15,623 DEBUG   HandlerThread:16832 [handler.py:handle_request():121] handle_request: resume
2021-05-09 10:49:15,623 INFO    HandlerThread:16832 [handler.py:handle_request_resume():514] starting system metrics thread
2021-05-09 10:49:15,624 DEBUG   HandlerThread:16832 [handler.py:handle_request():121] handle_request: pause
2021-05-09 10:49:15,624 INFO    HandlerThread:16832 [handler.py:handle_request_pause():519] stopping system metrics thread
2021-05-09 10:49:15,642 DEBUG   SenderThread:16832 [sender.py:send():176] send: stats
2021-05-09 10:49:15,642 DEBUG   SenderThread:16832 [sender.py:send():176] send: stats
2021-05-09 10:49:17,136 DEBUG   HandlerThread:16832 [handler.py:handle_request():121] handle_request: resume
2021-05-09 10:49:17,136 INFO    HandlerThread:16832 [handler.py:handle_request_resume():514] starting system metrics thread
2021-05-09 10:49:17,147 DEBUG   HandlerThread:16832 [handler.py:handle_request():121] handle_request: pause
2021-05-09 10:49:17,147 INFO    HandlerThread:16832 [handler.py:handle_request_pause():519] stopping system metrics thread
2021-05-09 10:49:17,269 DEBUG   SenderThread:16832 [sender.py:send():176] send: stats
2021-05-09 10:49:24,836 DEBUG   HandlerThread:16832 [handler.py:handle_request():121] handle_request: stop_status
2021-05-09 10:49:24,836 DEBUG   SenderThread:16832 [sender.py:send_request():186] send_request: stop_status
2021-05-09 10:49:26,980 DEBUG   HandlerThread:16832 [handler.py:handle_request():121] handle_request: resume
2021-05-09 10:49:26,980 INFO    HandlerThread:16832 [handler.py:handle_request_resume():514] starting system metrics thread
2021-05-09 10:49:26,982 DEBUG   HandlerThread:16832 [handler.py:handle_request():121] handle_request: pause
2021-05-09 10:49:26,983 INFO    HandlerThread:16832 [handler.py:handle_request_pause():519] stopping system metrics thread
2021-05-09 10:49:27,900 DEBUG   HandlerThread:16832 [handler.py:handle_request():121] handle_request: resume
2021-05-09 10:49:27,900 INFO    HandlerThread:16832 [handler.py:handle_request_resume():514] starting system metrics thread
2021-05-09 10:49:27,900 DEBUG   HandlerThread:16832 [handler.py:handle_request():121] handle_request: pause
2021-05-09 10:49:27,900 INFO    HandlerThread:16832 [handler.py:handle_request_pause():519] stopping system metrics thread
2021-05-09 10:49:27,927 DEBUG   SenderThread:16832 [sender.py:send():176] send: stats
2021-05-09 10:49:27,928 DEBUG   SenderThread:16832 [sender.py:send():176] send: stats
2021-05-09 10:49:28,371 DEBUG   HandlerThread:16832 [handler.py:handle_request():121] handle_request: resume
2021-05-09 10:49:28,372 INFO    HandlerThread:16832 [handler.py:handle_request_resume():514] starting system metrics thread
2021-05-09 10:49:28,380 DEBUG   HandlerThread:16832 [handler.py:handle_request():121] handle_request: pause
2021-05-09 10:49:28,383 INFO    HandlerThread:16832 [handler.py:handle_request_pause():519] stopping system metrics thread
2021-05-09 10:49:28,507 DEBUG   SenderThread:16832 [sender.py:send():176] send: stats
2021-05-09 10:49:40,121 DEBUG   HandlerThread:16832 [handler.py:handle_request():121] handle_request: stop_status
2021-05-09 10:49:40,121 DEBUG   SenderThread:16832 [sender.py:send_request():186] send_request: stop_status
2021-05-09 10:49:55,386 DEBUG   HandlerThread:16832 [handler.py:handle_request():121] handle_request: stop_status
2021-05-09 10:49:55,387 DEBUG   SenderThread:16832 [sender.py:send_request():186] send_request: stop_status
2021-05-09 10:50:10,621 DEBUG   HandlerThread:16832 [handler.py:handle_request():121] handle_request: stop_status
2021-05-09 10:50:10,622 DEBUG   SenderThread:16832 [sender.py:send_request():186] send_request: stop_status
2021-05-09 10:50:25,872 DEBUG   HandlerThread:16832 [handler.py:handle_request():121] handle_request: stop_status
2021-05-09 10:50:25,873 DEBUG   SenderThread:16832 [sender.py:send_request():186] send_request: stop_status
2021-05-09 10:50:41,141 DEBUG   HandlerThread:16832 [handler.py:handle_request():121] handle_request: stop_status
2021-05-09 10:50:41,142 DEBUG   SenderThread:16832 [sender.py:send_request():186] send_request: stop_status
2021-05-09 10:50:56,387 DEBUG   HandlerThread:16832 [handler.py:handle_request():121] handle_request: stop_status
2021-05-09 10:50:56,387 DEBUG   SenderThread:16832 [sender.py:send_request():186] send_request: stop_status
2021-05-09 10:51:11,681 DEBUG   HandlerThread:16832 [handler.py:handle_request():121] handle_request: stop_status
2021-05-09 10:51:11,681 DEBUG   SenderThread:16832 [sender.py:send_request():186] send_request: stop_status
2021-05-09 10:51:26,941 DEBUG   HandlerThread:16832 [handler.py:handle_request():121] handle_request: stop_status
2021-05-09 10:51:26,942 DEBUG   SenderThread:16832 [sender.py:send_request():186] send_request: stop_status
2021-05-09 10:51:42,248 DEBUG   HandlerThread:16832 [handler.py:handle_request():121] handle_request: stop_status
2021-05-09 10:51:42,249 DEBUG   SenderThread:16832 [sender.py:send_request():186] send_request: stop_status
2021-05-09 10:51:57,524 DEBUG   HandlerThread:16832 [handler.py:handle_request():121] handle_request: stop_status
2021-05-09 10:51:57,525 DEBUG   SenderThread:16832 [sender.py:send_request():186] send_request: stop_status
2021-05-09 10:52:12,799 DEBUG   HandlerThread:16832 [handler.py:handle_request():121] handle_request: stop_status
2021-05-09 10:52:12,800 DEBUG   SenderThread:16832 [sender.py:send_request():186] send_request: stop_status
2021-05-09 10:52:20,846 DEBUG   HandlerThread:16832 [handler.py:handle_request():121] handle_request: resume
2021-05-09 10:52:20,846 INFO    HandlerThread:16832 [handler.py:handle_request_resume():514] starting system metrics thread
2021-05-09 10:52:20,854 DEBUG   HandlerThread:16832 [handler.py:handle_request():121] handle_request: pause
2021-05-09 10:52:20,855 INFO    HandlerThread:16832 [handler.py:handle_request_pause():519] stopping system metrics thread
2021-05-09 10:52:21,775 DEBUG   SenderThread:16832 [sender.py:send():176] send: stats
2021-05-09 10:52:26,154 DEBUG   HandlerThread:16832 [handler.py:handle_request():121] handle_request: resume
2021-05-09 10:52:26,154 INFO    HandlerThread:16832 [handler.py:handle_request_resume():514] starting system metrics thread
2021-05-09 10:52:26,155 DEBUG   HandlerThread:16832 [handler.py:handle_request():121] handle_request: pause
2021-05-09 10:52:26,156 INFO    HandlerThread:16832 [handler.py:handle_request_pause():519] stopping system metrics thread
2021-05-09 10:52:27,076 DEBUG   HandlerThread:16832 [handler.py:handle_request():121] handle_request: resume
2021-05-09 10:52:27,076 INFO    HandlerThread:16832 [handler.py:handle_request_resume():514] starting system metrics thread
2021-05-09 10:52:27,078 DEBUG   HandlerThread:16832 [handler.py:handle_request():121] handle_request: pause
2021-05-09 10:52:27,078 INFO    HandlerThread:16832 [handler.py:handle_request_pause():519] stopping system metrics thread
2021-05-09 10:52:27,096 DEBUG   SenderThread:16832 [sender.py:send():176] send: stats
2021-05-09 10:52:27,097 DEBUG   SenderThread:16832 [sender.py:send():176] send: stats
2021-05-09 10:52:27,265 DEBUG   HandlerThread:16832 [handler.py:handle_request():121] handle_request: resume
2021-05-09 10:52:27,265 INFO    HandlerThread:16832 [handler.py:handle_request_resume():514] starting system metrics thread
2021-05-09 10:52:27,266 DEBUG   HandlerThread:16832 [handler.py:handle_request():121] handle_request: pause
2021-05-09 10:52:27,266 INFO    HandlerThread:16832 [handler.py:handle_request_pause():519] stopping system metrics thread
2021-05-09 10:52:27,290 DEBUG   SenderThread:16832 [sender.py:send():176] send: stats
2021-05-09 10:52:28,116 DEBUG   HandlerThread:16832 [handler.py:handle_request():121] handle_request: stop_status
2021-05-09 10:52:28,116 DEBUG   SenderThread:16832 [sender.py:send_request():186] send_request: stop_status
2021-05-09 10:52:28,285 DEBUG   HandlerThread:16832 [handler.py:handle_request():121] handle_request: resume
2021-05-09 10:52:28,285 INFO    HandlerThread:16832 [handler.py:handle_request_resume():514] starting system metrics thread
2021-05-09 10:52:28,299 DEBUG   HandlerThread:16832 [handler.py:handle_request():121] handle_request: pause
2021-05-09 10:52:28,299 INFO    HandlerThread:16832 [handler.py:handle_request_pause():519] stopping system metrics thread
2021-05-09 10:52:28,419 DEBUG   SenderThread:16832 [sender.py:send():176] send: stats
2021-05-09 10:52:43,394 DEBUG   HandlerThread:16832 [handler.py:handle_request():121] handle_request: stop_status
2021-05-09 10:52:43,394 DEBUG   SenderThread:16832 [sender.py:send_request():186] send_request: stop_status
2021-05-09 10:52:58,709 DEBUG   HandlerThread:16832 [handler.py:handle_request():121] handle_request: stop_status
2021-05-09 10:52:58,709 DEBUG   SenderThread:16832 [sender.py:send_request():186] send_request: stop_status
2021-05-09 10:53:14,060 DEBUG   HandlerThread:16832 [handler.py:handle_request():121] handle_request: stop_status
2021-05-09 10:53:14,061 DEBUG   SenderThread:16832 [sender.py:send_request():186] send_request: stop_status
2021-05-09 10:53:29,300 DEBUG   HandlerThread:16832 [handler.py:handle_request():121] handle_request: stop_status
2021-05-09 10:53:29,300 DEBUG   SenderThread:16832 [sender.py:send_request():186] send_request: stop_status
2021-05-09 10:53:44,601 DEBUG   HandlerThread:16832 [handler.py:handle_request():121] handle_request: stop_status
2021-05-09 10:53:44,602 DEBUG   SenderThread:16832 [sender.py:send_request():186] send_request: stop_status
2021-05-09 10:53:59,848 DEBUG   HandlerThread:16832 [handler.py:handle_request():121] handle_request: stop_status
2021-05-09 10:53:59,849 DEBUG   SenderThread:16832 [sender.py:send_request():186] send_request: stop_status
2021-05-09 10:54:15,153 DEBUG   HandlerThread:16832 [handler.py:handle_request():121] handle_request: stop_status
2021-05-09 10:54:15,154 DEBUG   SenderThread:16832 [sender.py:send_request():186] send_request: stop_status
2021-05-09 10:54:30,416 DEBUG   HandlerThread:16832 [handler.py:handle_request():121] handle_request: stop_status
2021-05-09 10:54:30,416 DEBUG   SenderThread:16832 [sender.py:send_request():186] send_request: stop_status
2021-05-09 10:54:45,661 DEBUG   HandlerThread:16832 [handler.py:handle_request():121] handle_request: stop_status
2021-05-09 10:54:45,661 DEBUG   SenderThread:16832 [sender.py:send_request():186] send_request: stop_status
2021-05-09 10:54:56,993 DEBUG   HandlerThread:16832 [handler.py:handle_request():121] handle_request: resume
2021-05-09 10:54:56,993 INFO    HandlerThread:16832 [handler.py:handle_request_resume():514] starting system metrics thread
2021-05-09 10:54:57,000 DEBUG   HandlerThread:16832 [handler.py:handle_request():121] handle_request: pause
2021-05-09 10:54:57,001 INFO    HandlerThread:16832 [handler.py:handle_request_pause():519] stopping system metrics thread
2021-05-09 10:54:57,119 ERROR   FileStreamThread:16832 [file_stream.py:_thread_except_body():286] generic exception in filestream thread
Traceback (most recent call last):
  File "C:\Python39\lib\site-packages\wandb\sdk\internal\file_stream.py", line 282, in _thread_except_body
    self._thread_body()
  File "C:\Python39\lib\site-packages\wandb\sdk\internal\file_stream.py", line 260, in _thread_body
    self._send(ready_chunks)
  File "C:\Python39\lib\site-packages\wandb\sdk\internal\file_stream.py", line 322, in _send
    self._handle_response(
  File "C:\Python39\lib\site-packages\wandb\sdk\internal\file_stream.py", line 295, in _handle_response
    raise response
  File "C:\Python39\lib\site-packages\wandb\sdk\internal\file_stream.py", line 382, in request_with_retry
    response.raise_for_status()
  File "C:\Python39\lib\site-packages\requests\models.py", line 943, in raise_for_status
    raise HTTPError(http_error_msg, response=self)
requests.exceptions.HTTPError: 404 Client Error: Not Found for url: https://api.wandb.ai/files/tecai/MLP/1mtbzctc/file_stream
2021-05-09 10:54:57,920 DEBUG   HandlerThread:16832 [handler.py:handle_request():121] handle_request: resume
2021-05-09 10:54:57,920 INFO    HandlerThread:16832 [handler.py:handle_request_resume():514] starting system metrics thread
2021-05-09 10:54:57,921 DEBUG   HandlerThread:16832 [handler.py:handle_request():121] handle_request: pause
2021-05-09 10:54:57,921 INFO    HandlerThread:16832 [handler.py:handle_request_pause():519] stopping system metrics thread
2021-05-09 10:54:57,939 DEBUG   SenderThread:16832 [sender.py:send():176] send: stats
2021-05-09 10:54:57,940 DEBUG   SenderThread:16832 [sender.py:send():176] send: stats
2021-05-09 10:54:58,652 DEBUG   HandlerThread:16832 [handler.py:handle_request():121] handle_request: resume
2021-05-09 10:54:58,652 INFO    HandlerThread:16832 [handler.py:handle_request_resume():514] starting system metrics thread
2021-05-09 10:54:58,660 DEBUG   HandlerThread:16832 [handler.py:handle_request():121] handle_request: pause
2021-05-09 10:54:58,665 INFO    HandlerThread:16832 [handler.py:handle_request_pause():519] stopping system metrics thread
2021-05-09 10:54:58,790 DEBUG   SenderThread:16832 [sender.py:send():176] send: stats
2021-05-09 10:55:00,922 DEBUG   HandlerThread:16832 [handler.py:handle_request():121] handle_request: stop_status
2021-05-09 10:55:00,923 DEBUG   SenderThread:16832 [sender.py:send_request():186] send_request: stop_status
2021-05-09 10:55:09,581 DEBUG   HandlerThread:16832 [handler.py:handle_request():121] handle_request: resume
2021-05-09 10:55:09,581 INFO    HandlerThread:16832 [handler.py:handle_request_resume():514] starting system metrics thread
2021-05-09 10:55:09,590 DEBUG   HandlerThread:16832 [handler.py:handle_request():121] handle_request: pause
2021-05-09 10:55:09,591 INFO    HandlerThread:16832 [handler.py:handle_request_pause():519] stopping system metrics thread
2021-05-09 10:55:10,503 DEBUG   SenderThread:16832 [sender.py:send():176] send: stats
2021-05-09 10:55:12,085 DEBUG   HandlerThread:16832 [handler.py:handle_request():121] handle_request: resume
2021-05-09 10:55:12,085 INFO    HandlerThread:16832 [handler.py:handle_request_resume():514] starting system metrics thread
2021-05-09 10:55:12,092 DEBUG   HandlerThread:16832 [handler.py:handle_request():121] handle_request: pause
2021-05-09 10:55:12,092 INFO    HandlerThread:16832 [handler.py:handle_request_pause():519] stopping system metrics thread
2021-05-09 10:55:12,107 DEBUG   SenderThread:16832 [sender.py:send():176] send: stats
2021-05-09 10:55:12,557 DEBUG   HandlerThread:16832 [handler.py:handle_request():121] handle_request: resume
2021-05-09 10:55:12,557 INFO    HandlerThread:16832 [handler.py:handle_request_resume():514] starting system metrics thread
2021-05-09 10:55:12,563 DEBUG   HandlerThread:16832 [handler.py:handle_request():121] handle_request: pause
2021-05-09 10:55:12,567 INFO    HandlerThread:16832 [handler.py:handle_request_pause():519] stopping system metrics thread
2021-05-09 10:55:12,687 DEBUG   SenderThread:16832 [sender.py:send():176] send: stats
2021-05-09 10:55:15,775 DEBUG   HandlerThread:16832 [handler.py:handle_request():121] handle_request: resume
2021-05-09 10:55:15,775 INFO    HandlerThread:16832 [handler.py:handle_request_resume():514] starting system metrics thread
2021-05-09 10:55:15,776 DEBUG   HandlerThread:16832 [handler.py:handle_request():121] handle_request: pause
2021-05-09 10:55:15,776 INFO    HandlerThread:16832 [handler.py:handle_request_pause():519] stopping system metrics thread
2021-05-09 10:55:16,707 DEBUG   HandlerThread:16832 [handler.py:handle_request():121] handle_request: stop_status
2021-05-09 10:55:16,707 DEBUG   SenderThread:16832 [sender.py:send_request():186] send_request: stop_status
2021-05-09 10:55:16,964 DEBUG   SenderThread:16832 [sender.py:send():176] send: stats
2021-05-09 10:55:17,752 DEBUG   HandlerThread:16832 [handler.py:handle_request():121] handle_request: resume
2021-05-09 10:55:17,752 INFO    HandlerThread:16832 [handler.py:handle_request_resume():514] starting system metrics thread
2021-05-09 10:55:17,753 DEBUG   HandlerThread:16832 [handler.py:handle_request():121] handle_request: pause
2021-05-09 10:55:17,758 INFO    HandlerThread:16832 [handler.py:handle_request_pause():519] stopping system metrics thread
2021-05-09 10:55:17,876 DEBUG   SenderThread:16832 [sender.py:send():176] send: stats
2021-05-09 10:55:31,967 DEBUG   HandlerThread:16832 [handler.py:handle_request():121] handle_request: stop_status
2021-05-09 10:55:31,967 DEBUG   SenderThread:16832 [sender.py:send_request():186] send_request: stop_status
2021-05-09 10:55:42,093 DEBUG   HandlerThread:16832 [handler.py:handle_request():121] handle_request: resume
2021-05-09 10:55:42,093 INFO    HandlerThread:16832 [handler.py:handle_request_resume():514] starting system metrics thread
2021-05-09 10:55:42,094 DEBUG   HandlerThread:16832 [handler.py:handle_request():121] handle_request: pause
2021-05-09 10:55:42,095 INFO    HandlerThread:16832 [handler.py:handle_request_pause():519] stopping system metrics thread
2021-05-09 10:55:43,020 DEBUG   SenderThread:16832 [sender.py:send():176] send: stats
2021-05-09 10:55:47,268 DEBUG   HandlerThread:16832 [handler.py:handle_request():121] handle_request: stop_status
2021-05-09 10:55:47,268 DEBUG   SenderThread:16832 [sender.py:send_request():186] send_request: stop_status
2021-05-09 10:55:47,622 DEBUG   HandlerThread:16832 [handler.py:handle_request():121] handle_request: resume
2021-05-09 10:55:47,622 INFO    HandlerThread:16832 [handler.py:handle_request_resume():514] starting system metrics thread
2021-05-09 10:55:47,623 DEBUG   HandlerThread:16832 [handler.py:handle_request():121] handle_request: pause
2021-05-09 10:55:47,623 INFO    HandlerThread:16832 [handler.py:handle_request_pause():519] stopping system metrics thread
2021-05-09 10:55:48,547 DEBUG   SenderThread:16832 [sender.py:send():176] send: stats
2021-05-09 10:55:49,349 DEBUG   HandlerThread:16832 [handler.py:handle_request():121] handle_request: resume
2021-05-09 10:55:49,349 INFO    HandlerThread:16832 [handler.py:handle_request_resume():514] starting system metrics thread
2021-05-09 10:55:49,701 DEBUG   SenderThread:16832 [sender.py:send():176] send: telemetry
2021-05-09 10:55:49,701 DEBUG   HandlerThread:16832 [handler.py:handle_request():121] handle_request: poll_exit
2021-05-09 10:55:49,702 DEBUG   SenderThread:16832 [sender.py:send():176] send: exit
2021-05-09 10:55:49,702 INFO    SenderThread:16832 [sender.py:send_exit():281] handling exit code: 0
2021-05-09 10:55:49,702 INFO    SenderThread:16832 [sender.py:send_exit():289] send defer
2021-05-09 10:55:49,703 DEBUG   SenderThread:16832 [sender.py:send_request():186] send_request: poll_exit
2021-05-09 10:55:49,703 DEBUG   HandlerThread:16832 [handler.py:handle_request():121] handle_request: defer
2021-05-09 10:55:49,703 INFO    HandlerThread:16832 [handler.py:handle_request_defer():138] handle defer: 0
2021-05-09 10:55:49,704 DEBUG   SenderThread:16832 [sender.py:send_request():186] send_request: defer
2021-05-09 10:55:49,704 INFO    SenderThread:16832 [sender.py:send_request_defer():298] handle sender defer: 0
2021-05-09 10:55:49,704 INFO    SenderThread:16832 [sender.py:send_request_defer():336] send defer: 1
2021-05-09 10:55:49,704 DEBUG   HandlerThread:16832 [handler.py:handle_request():121] handle_request: defer
2021-05-09 10:55:49,704 INFO    HandlerThread:16832 [handler.py:handle_request_defer():138] handle defer: 1
2021-05-09 10:55:49,812 DEBUG   SenderThread:16832 [sender.py:send_request():186] send_request: defer
2021-05-09 10:55:49,812 INFO    SenderThread:16832 [sender.py:send_request_defer():298] handle sender defer: 1
2021-05-09 10:55:49,812 INFO    SenderThread:16832 [sender.py:send_request_defer():336] send defer: 2
2021-05-09 10:55:49,813 DEBUG   SenderThread:16832 [sender.py:send():176] send: stats
2021-05-09 10:55:49,813 DEBUG   HandlerThread:16832 [handler.py:handle_request():121] handle_request: defer
2021-05-09 10:55:49,813 INFO    HandlerThread:16832 [handler.py:handle_request_defer():138] handle defer: 2
2021-05-09 10:55:49,814 DEBUG   SenderThread:16832 [sender.py:send_request():186] send_request: defer
2021-05-09 10:55:49,814 INFO    SenderThread:16832 [sender.py:send_request_defer():298] handle sender defer: 2
2021-05-09 10:55:49,814 INFO    SenderThread:16832 [sender.py:send_request_defer():336] send defer: 3
2021-05-09 10:55:49,814 DEBUG   HandlerThread:16832 [handler.py:handle_request():121] handle_request: defer
2021-05-09 10:55:49,814 INFO    HandlerThread:16832 [handler.py:handle_request_defer():138] handle defer: 3
2021-05-09 10:55:49,814 DEBUG   SenderThread:16832 [sender.py:send():176] send: summary
2021-05-09 10:55:49,815 INFO    SenderThread:16832 [sender.py:_save_file():821] saving file wandb-summary.json with policy end
2021-05-09 10:55:49,816 DEBUG   SenderThread:16832 [sender.py:send_request():186] send_request: defer
2021-05-09 10:55:49,816 INFO    SenderThread:16832 [sender.py:send_request_defer():298] handle sender defer: 3
2021-05-09 10:55:49,816 INFO    SenderThread:16832 [sender.py:send_request_defer():336] send defer: 4
2021-05-09 10:55:49,816 DEBUG   HandlerThread:16832 [handler.py:handle_request():121] handle_request: defer
2021-05-09 10:55:49,816 INFO    HandlerThread:16832 [handler.py:handle_request_defer():138] handle defer: 4
2021-05-09 10:55:49,816 DEBUG   SenderThread:16832 [sender.py:send_request():186] send_request: defer
2021-05-09 10:55:49,816 INFO    SenderThread:16832 [sender.py:send_request_defer():298] handle sender defer: 4
2021-05-09 10:55:49,822 DEBUG   HandlerThread:16832 [handler.py:handle_request():121] handle_request: poll_exit
2021-05-09 10:55:49,850 INFO    Thread-12 :16832 [dir_watcher.py:_on_file_modified():229] file/dir modified: c:\Users\Steven\Documents\Github\ML\Proyectos\Proyecto II\wandb\run-20210509_104700-1mtbzctc\files\wandb-summary.json
2021-05-09 10:55:49,850 INFO    Thread-12 :16832 [dir_watcher.py:_on_file_modified():229] file/dir modified: c:\Users\Steven\Documents\Github\ML\Proyectos\Proyecto II\wandb\run-20210509_104700-1mtbzctc\files\output.log
2021-05-09 10:55:50,110 ERROR   SenderThread:16832 [internal_api.py:execute():130] 409 response executing GraphQL.
2021-05-09 10:55:50,110 ERROR   SenderThread:16832 [internal_api.py:execute():131] {"errors":[{"message":"Error 1062: Duplicate entry '301661-1mtbzctc' for key 'PRIMARY'","path":["upsertBucket"]}],"data":{"upsertBucket":null}}
2021-05-09 10:55:51,447 ERROR   SenderThread:16832 [internal_api.py:execute():130] 409 response executing GraphQL.
2021-05-09 10:55:51,447 ERROR   SenderThread:16832 [internal_api.py:execute():131] {"errors":[{"message":"Error 1062: Duplicate entry '301661-1mtbzctc' for key 'PRIMARY'","path":["upsertBucket"]}],"data":{"upsertBucket":null}}
2021-05-09 10:55:53,795 ERROR   SenderThread:16832 [internal_api.py:execute():130] 409 response executing GraphQL.
2021-05-09 10:55:53,795 ERROR   SenderThread:16832 [internal_api.py:execute():131] {"errors":[{"message":"Error 1062: Duplicate entry '301661-1mtbzctc' for key 'PRIMARY'","path":["upsertBucket"]}],"data":{"upsertBucket":null}}
2021-05-09 10:55:53,795 ERROR   SenderThread:16832 [retry.py:__call__():126] Retry attempt failed:
Traceback (most recent call last):
  File "C:\Python39\lib\site-packages\wandb\sdk\lib\retry.py", line 102, in __call__
    result = self._call_fn(*args, **kwargs)
  File "C:\Python39\lib\site-packages\wandb\sdk\internal\internal_api.py", line 133, in execute
    six.reraise(*sys.exc_info())
  File "C:\Users\Steven\AppData\Roaming\Python\Python39\site-packages\six.py", line 703, in reraise
    raise value
  File "C:\Python39\lib\site-packages\wandb\sdk\internal\internal_api.py", line 127, in execute
    return self.client.execute(*args, **kwargs)
  File "C:\Python39\lib\site-packages\wandb\vendor\gql-0.2.0\gql\client.py", line 52, in execute
    result = self._get_result(document, *args, **kwargs)
  File "C:\Python39\lib\site-packages\wandb\vendor\gql-0.2.0\gql\client.py", line 60, in _get_result
    return self.transport.execute(document, *args, **kwargs)
  File "C:\Python39\lib\site-packages\wandb\vendor\gql-0.2.0\gql\transport\requests.py", line 39, in execute
    request.raise_for_status()
  File "C:\Python39\lib\site-packages\requests\models.py", line 943, in raise_for_status
    raise HTTPError(http_error_msg, response=self)
requests.exceptions.HTTPError: 409 Client Error: Conflict for url: https://api.wandb.ai/graphql
2021-05-09 10:55:54,936 DEBUG   HandlerThread:16832 [handler.py:handle_request():121] handle_request: poll_exit
2021-05-09 10:55:58,470 ERROR   SenderThread:16832 [internal_api.py:execute():130] 409 response executing GraphQL.
2021-05-09 10:55:58,470 ERROR   SenderThread:16832 [internal_api.py:execute():131] {"errors":[{"message":"Error 1062: Duplicate entry '301661-1mtbzctc' for key 'PRIMARY'","path":["upsertBucket"]}],"data":{"upsertBucket":null}}
2021-05-09 10:56:00,060 DEBUG   HandlerThread:16832 [handler.py:handle_request():121] handle_request: poll_exit
2021-05-09 10:56:05,175 DEBUG   HandlerThread:16832 [handler.py:handle_request():121] handle_request: poll_exit
2021-05-09 10:56:08,349 ERROR   SenderThread:16832 [internal_api.py:execute():130] 409 response executing GraphQL.
2021-05-09 10:56:08,349 ERROR   SenderThread:16832 [internal_api.py:execute():131] {"errors":[{"message":"Error 1062: Duplicate entry '301661-1mtbzctc' for key 'PRIMARY'","path":["upsertBucket"]}],"data":{"upsertBucket":null}}
2021-05-09 10:56:10,300 DEBUG   HandlerThread:16832 [handler.py:handle_request():121] handle_request: poll_exit
2021-05-09 10:56:15,410 DEBUG   HandlerThread:16832 [handler.py:handle_request():121] handle_request: poll_exit
2021-05-09 10:56:28,409 ERROR   SenderThread:16832 [internal_api.py:execute():130] 409 response executing GraphQL.
2021-05-09 10:56:28,409 ERROR   SenderThread:16832 [internal_api.py:execute():131] {"errors":[{"message":"Error 1062: Duplicate entry '301661-1mtbzctc' for key 'PRIMARY'","path":["upsertBucket"]}],"data":{"upsertBucket":null}}
2021-05-09 10:56:28,520 INFO    HandlerThread:16832 [handler.py:finish():632] shutting down handler
2021-05-09 10:56:29,147 INFO    WriterThread:16832 [datastore.py:close():258] close: c:\Users\Steven\Documents\Github\ML\Proyectos\Proyecto II\wandb\run-20210509_104700-1mtbzctc\run-1mtbzctc.wandb
2021-05-09 10:56:29,318 ERROR   MainThread:16832 [internal.py:wandb_internal():159] Thread SenderThread:
Traceback (most recent call last):
  File "C:\Python39\lib\site-packages\wandb\sdk\internal\internal_api.py", line 127, in execute
    return self.client.execute(*args, **kwargs)
  File "C:\Python39\lib\site-packages\wandb\vendor\gql-0.2.0\gql\client.py", line 52, in execute
    result = self._get_result(document, *args, **kwargs)
  File "C:\Python39\lib\site-packages\wandb\vendor\gql-0.2.0\gql\client.py", line 60, in _get_result
    return self.transport.execute(document, *args, **kwargs)
  File "C:\Python39\lib\site-packages\wandb\vendor\gql-0.2.0\gql\transport\requests.py", line 39, in execute
    request.raise_for_status()
  File "C:\Python39\lib\site-packages\requests\models.py", line 943, in raise_for_status
    raise HTTPError(http_error_msg, response=self)
requests.exceptions.HTTPError: 409 Client Error: Conflict for url: https://api.wandb.ai/graphql

During handling of the above exception, another exception occurred:

Traceback (most recent call last):
  File "C:\Python39\lib\site-packages\wandb\apis\normalize.py", line 24, in wrapper
    return func(*args, **kwargs)
  File "C:\Python39\lib\site-packages\wandb\sdk\internal\internal_api.py", line 889, in upsert_run
    response = self.gql(mutation, variable_values=variable_values, **kwargs)
  File "C:\Python39\lib\site-packages\wandb\sdk\lib\retry.py", line 102, in __call__
    result = self._call_fn(*args, **kwargs)
  File "C:\Python39\lib\site-packages\wandb\sdk\internal\internal_api.py", line 132, in execute
    self.display_gorilla_error_if_found(res)
  File "C:\Python39\lib\site-packages\wandb\sdk\internal\internal_api.py", line 148, in display_gorilla_error_if_found
    wandb.termerror(
  File "C:\Python39\lib\site-packages\wandb\errors\term.py", line 58, in termerror
    _log(
  File "C:\Python39\lib\site-packages\wandb\errors\term.py", line 94, in _log
    click.echo(line, file=sys.stderr, nl=newline)
  File "C:\Python39\lib\site-packages\click\utils.py", line 272, in echo
    file.write(message)
OSError: [Errno 22] Invalid argument

During handling of the above exception, another exception occurred:

Traceback (most recent call last):
  File "C:\Python39\lib\site-packages\wandb\sdk\internal\internal_util.py", line 55, in run
    self._run()
  File "C:\Python39\lib\site-packages\wandb\sdk\internal\internal_util.py", line 105, in _run
    self._process(record)
  File "C:\Python39\lib\site-packages\wandb\sdk\internal\internal.py", line 292, in _process
    self._sm.send(record)
  File "C:\Python39\lib\site-packages\wandb\sdk\internal\sender.py", line 178, in send
    send_handler(record)
  File "C:\Python39\lib\site-packages\wandb\sdk\internal\sender.py", line 188, in send_request
    send_handler(record)
  File "C:\Python39\lib\site-packages\wandb\sdk\internal\sender.py", line 313, in send_request_defer
    self.debounce()
  File "C:\Python39\lib\site-packages\wandb\sdk\internal\sender.py", line 235, in debounce
    self._debounce_config()
  File "C:\Python39\lib\site-packages\wandb\sdk\internal\sender.py", line 240, in _debounce_config
    self._api.upsert_run(
  File "C:\Python39\lib\site-packages\wandb\apis\normalize.py", line 62, in wrapper
    six.reraise(CommError, CommError(message, err), sys.exc_info()[2])
  File "C:\Users\Steven\AppData\Roaming\Python\Python39\site-packages\six.py", line 702, in reraise
    raise value.with_traceback(tb)
  File "C:\Python39\lib\site-packages\wandb\apis\normalize.py", line 24, in wrapper
    return func(*args, **kwargs)
  File "C:\Python39\lib\site-packages\wandb\sdk\internal\internal_api.py", line 889, in upsert_run
    response = self.gql(mutation, variable_values=variable_values, **kwargs)
  File "C:\Python39\lib\site-packages\wandb\sdk\lib\retry.py", line 102, in __call__
    result = self._call_fn(*args, **kwargs)
  File "C:\Python39\lib\site-packages\wandb\sdk\internal\internal_api.py", line 132, in execute
    self.display_gorilla_error_if_found(res)
  File "C:\Python39\lib\site-packages\wandb\sdk\internal\internal_api.py", line 148, in display_gorilla_error_if_found
    wandb.termerror(
  File "C:\Python39\lib\site-packages\wandb\errors\term.py", line 58, in termerror
    _log(
  File "C:\Python39\lib\site-packages\wandb\errors\term.py", line 94, in _log
    click.echo(line, file=sys.stderr, nl=newline)
  File "C:\Python39\lib\site-packages\click\utils.py", line 272, in echo
    file.write(message)
wandb.errors.CommError: [Errno 22] Invalid argument
2021-05-09 10:56:29,333 INFO    MainThread:16832 [internal.py:handle_exit():78] Internal process exited
